<?xml version="1.0" encoding="UTF-8"?>
<testsuite name="suzie.prototypetest.PrototypeTestApplicationTests" tests="1" skipped="0" failures="0" errors="0" timestamp="2022-12-29T04:21:51" hostname="sjinleei-MNui-MacBookPro.local" time="0.182">
  <properties/>
  <testcase name="contextLoads()" classname="suzie.prototypetest.PrototypeTestApplicationTests" time="0.182"/>
  <system-out><![CDATA[13:21:45.873 [Test worker] DEBUG org.springframework.test.context.BootstrapUtils - Instantiating CacheAwareContextLoaderDelegate from class [org.springframework.test.context.cache.DefaultCacheAwareContextLoaderDelegate]
13:21:45.878 [Test worker] DEBUG org.springframework.test.context.BootstrapUtils - Instantiating BootstrapContext using constructor [public org.springframework.test.context.support.DefaultBootstrapContext(java.lang.Class,org.springframework.test.context.CacheAwareContextLoaderDelegate)]
13:21:45.894 [Test worker] DEBUG org.springframework.test.context.BootstrapUtils - Instantiating TestContextBootstrapper for test class [suzie.prototypetest.PrototypeTestApplicationTests] from class [org.springframework.boot.test.context.SpringBootTestContextBootstrapper]
13:21:45.899 [Test worker] INFO org.springframework.boot.test.context.SpringBootTestContextBootstrapper - Neither @ContextConfiguration nor @ContextHierarchy found for test class [suzie.prototypetest.PrototypeTestApplicationTests], using SpringBootContextLoader
13:21:45.900 [Test worker] DEBUG org.springframework.test.context.support.AbstractContextLoader - Did not detect default resource location for test class [suzie.prototypetest.PrototypeTestApplicationTests]: class path resource [suzie/prototypetest/PrototypeTestApplicationTests-context.xml] does not exist
13:21:45.900 [Test worker] DEBUG org.springframework.test.context.support.AbstractContextLoader - Did not detect default resource location for test class [suzie.prototypetest.PrototypeTestApplicationTests]: class path resource [suzie/prototypetest/PrototypeTestApplicationTestsContext.groovy] does not exist
13:21:45.901 [Test worker] INFO org.springframework.test.context.support.AbstractContextLoader - Could not detect default resource locations for test class [suzie.prototypetest.PrototypeTestApplicationTests]: no resource found for suffixes {-context.xml, Context.groovy}.
13:21:45.901 [Test worker] INFO org.springframework.test.context.support.AnnotationConfigContextLoaderUtils - Could not detect default configuration classes for test class [suzie.prototypetest.PrototypeTestApplicationTests]: PrototypeTestApplicationTests does not declare any static, non-private, non-final, nested classes annotated with @Configuration.
13:21:45.916 [Test worker] DEBUG org.springframework.test.context.support.ActiveProfilesUtils - Could not find an 'annotation declaring class' for annotation type [org.springframework.test.context.ActiveProfiles] and class [suzie.prototypetest.PrototypeTestApplicationTests]
13:21:45.944 [Test worker] DEBUG org.springframework.context.annotation.ClassPathScanningCandidateComponentProvider - Identified candidate component class: file [/Users/sjinleei-mn/Documents/repo/Spring/prototype-test/build/classes/java/main/suzie/prototypetest/PrototypeTestApplication.class]
13:21:45.947 [Test worker] INFO org.springframework.boot.test.context.SpringBootTestContextBootstrapper - Found @SpringBootConfiguration suzie.prototypetest.PrototypeTestApplication for test class suzie.prototypetest.PrototypeTestApplicationTests
13:21:45.983 [Test worker] DEBUG org.springframework.boot.test.context.SpringBootTestContextBootstrapper - @TestExecutionListeners is not present for class [suzie.prototypetest.PrototypeTestApplicationTests]: using defaults.
13:21:45.983 [Test worker] INFO org.springframework.boot.test.context.SpringBootTestContextBootstrapper - Loaded default TestExecutionListener class names from location [META-INF/spring.factories]: [org.springframework.boot.test.autoconfigure.restdocs.RestDocsTestExecutionListener, org.springframework.boot.test.autoconfigure.web.client.MockRestServiceServerResetTestExecutionListener, org.springframework.boot.test.autoconfigure.web.servlet.MockMvcPrintOnlyOnFailureTestExecutionListener, org.springframework.boot.test.autoconfigure.web.servlet.WebDriverTestExecutionListener, org.springframework.boot.test.autoconfigure.webservices.client.MockWebServiceServerTestExecutionListener, org.springframework.boot.test.mock.mockito.MockitoTestExecutionListener, org.springframework.boot.test.mock.mockito.ResetMocksTestExecutionListener, org.springframework.test.context.web.ServletTestExecutionListener, org.springframework.test.context.support.DirtiesContextBeforeModesTestExecutionListener, org.springframework.test.context.event.ApplicationEventsTestExecutionListener, org.springframework.test.context.support.DependencyInjectionTestExecutionListener, org.springframework.test.context.support.DirtiesContextTestExecutionListener, org.springframework.test.context.transaction.TransactionalTestExecutionListener, org.springframework.test.context.jdbc.SqlScriptsTestExecutionListener, org.springframework.test.context.event.EventPublishingTestExecutionListener]
13:21:45.987 [Test worker] DEBUG org.springframework.boot.test.context.SpringBootTestContextBootstrapper - Skipping candidate TestExecutionListener [org.springframework.test.context.transaction.TransactionalTestExecutionListener] due to a missing dependency. Specify custom listener classes or make the default listener classes and their required dependencies available. Offending class: [org/springframework/transaction/interceptor/TransactionAttributeSource]
13:21:45.987 [Test worker] DEBUG org.springframework.boot.test.context.SpringBootTestContextBootstrapper - Skipping candidate TestExecutionListener [org.springframework.test.context.jdbc.SqlScriptsTestExecutionListener] due to a missing dependency. Specify custom listener classes or make the default listener classes and their required dependencies available. Offending class: [org/springframework/transaction/interceptor/TransactionAttribute]
13:21:45.987 [Test worker] INFO org.springframework.boot.test.context.SpringBootTestContextBootstrapper - Using TestExecutionListeners: [org.springframework.test.context.web.ServletTestExecutionListener@163d04ff, org.springframework.test.context.support.DirtiesContextBeforeModesTestExecutionListener@7c209437, org.springframework.test.context.event.ApplicationEventsTestExecutionListener@2262b621, org.springframework.boot.test.mock.mockito.MockitoTestExecutionListener@7e928e2f, org.springframework.boot.test.autoconfigure.SpringBootDependencyInjectionTestExecutionListener@f667fe, org.springframework.test.context.support.DirtiesContextTestExecutionListener@788fcafb, org.springframework.test.context.event.EventPublishingTestExecutionListener@4febb875, org.springframework.boot.test.autoconfigure.restdocs.RestDocsTestExecutionListener@25e2a451, org.springframework.boot.test.autoconfigure.web.client.MockRestServiceServerResetTestExecutionListener@1698ee84, org.springframework.boot.test.autoconfigure.web.servlet.MockMvcPrintOnlyOnFailureTestExecutionListener@10c626be, org.springframework.boot.test.autoconfigure.web.servlet.WebDriverTestExecutionListener@2fc0cc3, org.springframework.boot.test.autoconfigure.webservices.client.MockWebServiceServerTestExecutionListener@328cf0e1, org.springframework.boot.test.mock.mockito.ResetMocksTestExecutionListener@63b1d4fa]
13:21:45.989 [Test worker] DEBUG org.springframework.test.context.support.AbstractDirtiesContextTestExecutionListener - Before test class: context [DefaultTestContext@19ae6bb testClass = PrototypeTestApplicationTests, testInstance = [null], testMethod = [null], testException = [null], mergedContextConfiguration = [WebMergedContextConfiguration@10993713 testClass = PrototypeTestApplicationTests, locations = '{}', classes = '{class suzie.prototypetest.PrototypeTestApplication}', contextInitializerClasses = '[]', activeProfiles = '{}', propertySourceLocations = '{}', propertySourceProperties = '{org.springframework.boot.test.context.SpringBootTestContextBootstrapper=true}', contextCustomizers = set[org.springframework.boot.test.autoconfigure.actuate.metrics.MetricsExportContextCustomizerFactory$DisableMetricExportContextCustomizer@68dc098b, org.springframework.boot.test.autoconfigure.properties.PropertyMappingContextCustomizer@0, org.springframework.boot.test.autoconfigure.web.servlet.WebDriverContextCustomizerFactory$Customizer@1115ec15, org.springframework.boot.test.context.filter.ExcludeFilterContextCustomizer@79dc5318, org.springframework.boot.test.json.DuplicateJsonObjectContextCustomizerFactory$DuplicateJsonObjectContextCustomizer@54eb2b70, org.springframework.boot.test.mock.mockito.MockitoContextCustomizer@0, org.springframework.boot.test.web.client.TestRestTemplateContextCustomizer@50de186c, org.springframework.boot.test.context.SpringBootTestArgs@1, org.springframework.boot.test.context.SpringBootTestWebEnvironment@3d34d211], resourceBasePath = 'src/main/webapp', contextLoader = 'org.springframework.boot.test.context.SpringBootContextLoader', parent = [null]], attributes = map['org.springframework.test.context.web.ServletTestExecutionListener.activateListener' -> true]], class annotated with @DirtiesContext [false] with mode [null].

  .   ____          _            __ _ _
 /\\ / ___'_ __ _ _(_)_ __  __ _ \ \ \ \
( ( )\___ | '_ | '_| | '_ \/ _` | \ \ \ \
 \\/  ___)| |_)| | | | | || (_| |  ) ) ) )
  '  |____| .__|_| |_|_| |_\__, | / / / /
 =========|_|==============|___/=/_/_/_/
 :: Spring Boot ::                (v2.7.7)

2022-12-29 13:21:51.129  INFO 98140 --- [    Test worker] s.p.PrototypeTestApplicationTests        : Starting PrototypeTestApplicationTests using Java 19.0.1 on sjinleei-MNui-MacBookPro.local with PID 98140 (started by sjinleei-mn in /Users/sjinleei-mn/Documents/repo/Spring/prototype-test)
2022-12-29 13:21:51.130  INFO 98140 --- [    Test worker] s.p.PrototypeTestApplicationTests        : No active profile set, falling back to 1 default profile: "default"
2022-12-29 13:21:51.783  INFO 98140 --- [    Test worker] s.p.PrototypeTestApplicationTests        : Started PrototypeTestApplicationTests in 5.779 seconds (JVM running for 6.492)
]]></system-out>
  <system-err><![CDATA[]]></system-err>
</testsuite>
